TN:
SF:src\app.js
FNF:0
FNH:0
DA:1,1
DA:2,1
DA:3,1
DA:4,1
DA:5,1
DA:6,1
DA:7,1
DA:8,1
DA:9,1
DA:10,1
LF:10
LH:10
BRF:0
BRH:0
end_of_record
TN:
SF:src\routes.js
FNF:0
FNH:0
DA:1,1
DA:2,1
DA:3,1
DA:4,1
DA:5,1
DA:6,1
DA:7,1
DA:8,1
DA:9,1
DA:10,1
DA:11,1
DA:12,1
DA:13,1
LF:13
LH:13
BRF:0
BRH:0
end_of_record
TN:
SF:src\controllers\session-ctrl.js
FN:6,create
FNF:1
FNH:1
FNDA:15,create
DA:1,1
DA:2,1
DA:3,1
DA:4,1
DA:5,1
DA:6,1
DA:7,15
DA:8,15
DA:9,15
DA:10,15
DA:11,3
DA:12,3
DA:13,12
DA:14,15
DA:15,2
DA:16,2
DA:17,10
DA:18,15
DA:19,3
DA:20,3
DA:21,5
DA:22,5
DA:23,3
DA:24,3
DA:25,3
DA:26,12
DA:27,12
DA:28,12
DA:29,15
DA:30,1
DA:31,1
DA:32,1
LF:32
LH:32
BRDA:6,0,0,15
BRDA:10,1,0,3
BRDA:12,2,0,12
BRDA:14,3,0,2
BRDA:16,4,0,13
BRDA:16,5,0,10
BRDA:18,6,0,8
BRDA:18,7,0,12
BRDA:18,8,0,3
BRDA:20,9,0,5
BRDA:23,10,0,3
BRDA:27,11,0,2
BRDA:27,12,0,2
BRF:13
BRH:13
end_of_record
TN:
SF:src\controllers\user-ctrl.js
FN:5,create
FN:25,changePassword
FNF:2
FNH:2
FNDA:8,create
FNDA:1,changePassword
DA:1,1
DA:2,1
DA:3,1
DA:4,1
DA:5,1
DA:6,8
DA:7,8
DA:8,8
DA:9,8
DA:10,3
DA:11,3
DA:12,4
DA:13,8
DA:14,2
DA:15,2
DA:16,2
DA:17,2
DA:18,2
DA:19,2
DA:20,8
DA:21,6
DA:22,6
DA:23,8
DA:24,1
DA:25,1
DA:26,1
DA:27,1
DA:28,1
DA:29,1
DA:30,1
DA:31,1
DA:32,1
LF:32
LH:32
BRDA:5,0,0,8
BRDA:9,1,0,5
BRDA:9,2,0,3
BRDA:11,3,0,4
BRDA:13,4,0,2
BRDA:20,5,0,6
BRDA:21,6,0,1
BRDA:21,7,0,0
BRDA:25,8,0,1
BRF:9
BRH:8
end_of_record
TN:
SF:src\middlewares\auth.js
FN:3,Object.<anonymous>.module.exports
FNF:1
FNH:1
FNDA:3,Object.<anonymous>.module.exports
DA:1,1
DA:2,1
DA:3,1
DA:4,3
DA:5,1
DA:6,1
DA:7,2
DA:8,2
DA:9,2
DA:10,2
DA:11,2
DA:12,1
DA:13,1
DA:14,1
DA:15,1
DA:16,1
DA:17,1
DA:18,1
DA:19,1
DA:20,1
DA:21,3
LF:21
LH:21
BRDA:3,0,0,3
BRDA:4,1,0,1
BRDA:6,2,0,2
BRDA:12,3,0,1
BRF:4
BRH:4
end_of_record
TN:
SF:src\schemas\User.js
FNF:0
FNH:0
DA:1,1
DA:2,1
DA:3,1
DA:4,1
DA:5,1
DA:6,1
DA:7,1
DA:8,1
DA:9,1
LF:9
LH:9
BRF:0
BRH:0
end_of_record
TN:
SF:src\services\session-service.js
FN:4,generateToken
FNF:1
FNH:1
FNDA:3,generateToken
DA:1,1
DA:2,1
DA:3,1
DA:4,1
DA:5,3
DA:6,3
DA:7,3
DA:8,3
DA:9,1
DA:10,1
DA:11,1
LF:11
LH:11
BRDA:4,0,0,3
BRF:1
BRH:1
end_of_record
TN:
SF:src\services\user-service.js
FN:4,createUser
FN:14,userExistsAndCheckPassword
FNF:2
FNH:2
FNDA:2,createUser
FNDA:10,userExistsAndCheckPassword
DA:1,1
DA:2,1
DA:3,1
DA:4,1
DA:5,2
DA:6,2
DA:7,2
DA:8,2
DA:9,2
DA:10,2
DA:11,2
DA:12,2
DA:13,1
DA:14,1
DA:15,10
DA:16,10
DA:17,10
DA:18,3
DA:19,3
DA:20,7
DA:21,10
DA:22,3
DA:23,3
DA:24,4
DA:25,4
DA:26,4
DA:27,1
DA:28,1
DA:29,1
LF:29
LH:29
BRDA:4,0,0,2
BRDA:14,1,0,10
BRDA:17,2,0,3
BRDA:19,3,0,7
BRDA:21,4,0,6
BRDA:21,5,0,3
BRDA:23,6,0,4
BRF:7
BRH:7
end_of_record
TN:
SF:src\utils\email-validator.js
FN:2,isValid
FNF:1
FNH:1
FNDA:20,isValid
DA:1,1
DA:2,1
DA:3,20
DA:4,3
DA:5,3
DA:6,17
DA:7,17
DA:8,17
DA:9,17
DA:10,1
DA:11,1
DA:12,1
LF:12
LH:12
BRDA:2,0,0,20
BRDA:3,1,0,18
BRDA:3,2,0,3
BRDA:5,3,0,17
BRF:4
BRH:4
end_of_record
TN:
SF:tests\mocks\controllers-mocks.js
FN:11,requestMockByParam
FN:32,status
FN:34,json
FN:44,authorizationMock
FNF:4
FNH:4
FNDA:10,requestMockByParam
FNDA:22,status
FNDA:22,json
FNDA:3,authorizationMock
DA:1,1
DA:2,1
DA:3,1
DA:4,1
DA:5,1
DA:6,1
DA:7,1
DA:8,1
DA:9,1
DA:10,1
DA:11,1
DA:12,10
DA:13,10
DA:14,10
DA:15,10
DA:16,1
DA:17,1
DA:18,1
DA:19,1
DA:20,1
DA:21,1
DA:22,1
DA:23,1
DA:24,1
DA:25,1
DA:26,1
DA:27,1
DA:28,1
DA:29,1
DA:30,1
DA:31,1
DA:32,1
DA:33,22
DA:34,22
DA:35,22
DA:36,22
DA:37,22
DA:38,22
DA:39,22
DA:40,22
DA:41,22
DA:42,1
DA:43,1
DA:44,1
DA:45,3
DA:46,3
DA:47,3
DA:48,3
DA:49,3
DA:50,3
DA:51,1
DA:52,1
DA:53,1
DA:54,1
DA:55,1
DA:56,1
DA:57,1
DA:58,1
DA:59,1
LF:59
LH:59
BRDA:11,0,0,10
BRDA:32,1,0,22
BRDA:34,2,0,22
BRDA:44,3,0,3
BRF:4
BRH:4
end_of_record
TN:
SF:tests\mocks\user-mock.js
FNF:0
FNH:0
DA:1,1
DA:2,1
DA:3,1
DA:4,1
DA:5,1
DA:6,1
DA:7,1
LF:7
LH:7
BRF:0
BRH:0
end_of_record
